Compiled jquery-ui.min.js  (3ms)  (pid 4575)
Compiled jquery.min.js  (3ms)  (pid 4575)
Compiled application.js  (8ms)  (pid 4575)
Compiled jquery.js  (5ms)  (pid 4575)
Compiled jquery_ujs.js  (1ms)  (pid 4575)
Compiled authors.js  (100ms)  (pid 4575)
Compiled books.js  (92ms)  (pid 4575)
Compiled covers.js  (96ms)  (pid 4575)
Compiled fancybox.js  (1ms)  (pid 4575)
Compiled main.js  (130ms)  (pid 4575)
Compiled mousewheel.js  (0ms)  (pid 4575)
Compiled quotes.js  (2ms)  (pid 4575)
Compiled urls.js  (154ms)  (pid 4575)
Compiled application.css  (10ms)  (pid 4575)
Compiled authors.css  (19ms)  (pid 4575)
Compiled books.css  (3ms)  (pid 4575)
Compiled covers.css  (2ms)  (pid 4575)
Compiled fancybox.css  (0ms)  (pid 4575)
Compiled main.css  (5ms)  (pid 4575)
Compiled quotes.css  (2ms)  (pid 4575)
Compiled scaffolds.css  (9ms)  (pid 4575)
Compiled urls.css  (1ms)  (pid 4575)
Compiled application.js  (18ms)  (pid 76637)
Compiled jquery.js  (7ms)  (pid 76637)
Compiled jquery_ujs.js  (1ms)  (pid 76637)
Compiled authors.js  (528ms)  (pid 76637)
Compiled books.js  (207ms)  (pid 76637)
Compiled covers.js  (200ms)  (pid 76637)
Compiled fancybox.js  (1ms)  (pid 76637)
Compiled main.js  (160ms)  (pid 76637)
Compiled mousewheel.js  (1ms)  (pid 76637)
Compiled quotes.js  (0ms)  (pid 76637)
Compiled tags.js  (151ms)  (pid 76637)
Compiled urls.js  (155ms)  (pid 76637)
Compiled application.css  (8ms)  (pid 76637)
Compiled authors.css  (15ms)  (pid 76637)
Compiled books.css  (3ms)  (pid 76637)
Compiled covers.css  (1ms)  (pid 76637)
Compiled fancybox.css  (0ms)  (pid 76637)
Compiled main.css  (8ms)  (pid 76637)
Compiled quotes.css  (3ms)  (pid 76637)
Compiled scaffolds.css  (8ms)  (pid 76637)
Compiled tags.css  (2ms)  (pid 76637)
Compiled urls.css  (1ms)  (pid 76637)
Compiled application.css  (53ms)  (pid 76741)
Compiled main.css  (15ms)  (pid 76741)
Compiled application.js  (11ms)  (pid 7165)
Compiled jquery.js  (31ms)  (pid 7165)
Compiled jquery-ui.js  (6ms)  (pid 7165)
Compiled jquery_ujs.js  (0ms)  (pid 7165)
Compiled authors.js  (483ms)  (pid 7165)
Compiled books.js  (162ms)  (pid 7165)
Compiled covers.js  (180ms)  (pid 7165)
Compiled fancybox.js  (1ms)  (pid 7165)
Compiled main.js  (161ms)  (pid 7165)
Compiled mousewheel.js  (0ms)  (pid 7165)
Compiled quotes.js  (151ms)  (pid 7165)
Compiled tags.js  (150ms)  (pid 7165)
Compiled tokeninput.js  (1ms)  (pid 7165)
Compiled urls.js  (167ms)  (pid 7165)
Compiled application.css  (9ms)  (pid 7165)
Compiled authors.css  (14ms)  (pid 7165)
Compiled books.css  (2ms)  (pid 7165)
Compiled covers.css  (1ms)  (pid 7165)
Compiled fancybox.css  (1ms)  (pid 7165)
Compiled main.css  (8ms)  (pid 7165)
Compiled quotes.css  (5ms)  (pid 7165)
Compiled scaffolds.css  (7ms)  (pid 7165)
Compiled tags.css  (1ms)  (pid 7165)
Compiled token-input-facebook.css  (0ms)  (pid 7165)
Compiled token-input-mac.css  (0ms)  (pid 7165)
Compiled token-input.css  (0ms)  (pid 7165)
Compiled urls.css  (1ms)  (pid 7165)
Compiled application.js  (7ms)  (pid 4928)
Compiled jquery.js  (4ms)  (pid 4928)
Compiled jquery-ui.js  (6ms)  (pid 4928)
Compiled jquery_ujs.js  (0ms)  (pid 4928)
Compiled authors.js  (441ms)  (pid 4928)
Compiled books.js  (188ms)  (pid 4928)
Compiled covers.js  (142ms)  (pid 4928)
Compiled fancybox.js  (1ms)  (pid 4928)
Compiled main.js  (151ms)  (pid 4928)
Compiled mousewheel.js  (1ms)  (pid 4928)
Compiled quotes.js  (166ms)  (pid 4928)
Compiled tags.js  (150ms)  (pid 4928)
Compiled tokeninput.js  (1ms)  (pid 4928)
Compiled urls.js  (143ms)  (pid 4928)
Compiled application.css  (5ms)  (pid 4928)
Compiled authors.css  (13ms)  (pid 4928)
Compiled books.css  (2ms)  (pid 4928)
Compiled covers.css  (1ms)  (pid 4928)
Compiled fancybox.css  (0ms)  (pid 4928)
Compiled main.css  (7ms)  (pid 4928)
Compiled quotes.css  (4ms)  (pid 4928)
Compiled scaffolds.css  (7ms)  (pid 4928)
Compiled tags.css  (1ms)  (pid 4928)
Compiled token-input-facebook.css  (0ms)  (pid 4928)
Compiled token-input-mac.css  (31ms)  (pid 4928)
Compiled token-input.css  (0ms)  (pid 4928)
Compiled urls.css  (1ms)  (pid 4928)
Compiled application.js  (8ms)  (pid 1863)
Compiled jquery.js  (4ms)  (pid 1863)
Compiled jquery-ui.js  (6ms)  (pid 1863)
Compiled jquery_ujs.js  (0ms)  (pid 1863)
Compiled authors.js  (312ms)  (pid 1863)
Compiled books.js  (209ms)  (pid 1863)
Compiled covers.js  (159ms)  (pid 1863)
Compiled fancybox.js  (1ms)  (pid 1863)
Compiled main.js  (166ms)  (pid 1863)
Compiled mousewheel.js  (1ms)  (pid 1863)
Compiled quotes.js  (168ms)  (pid 1863)
Compiled tags.js  (170ms)  (pid 1863)
Compiled tokeninput.js  (1ms)  (pid 1863)
Compiled urls.js  (230ms)  (pid 1863)
Compiled application.css  (5ms)  (pid 1863)
Compiled authors.css  (12ms)  (pid 1863)
Compiled books.css  (3ms)  (pid 1863)
Compiled covers.css  (1ms)  (pid 1863)
Compiled fancybox.css  (0ms)  (pid 1863)
Compiled main.css  (8ms)  (pid 1863)
Compiled quotes.css  (5ms)  (pid 1863)
Compiled scaffolds.css  (7ms)  (pid 1863)
Compiled tags.css  (1ms)  (pid 1863)
Compiled token-input-facebook.css  (0ms)  (pid 1863)
Compiled token-input-mac.css  (0ms)  (pid 1863)
Compiled token-input.css  (0ms)  (pid 1863)
Compiled urls.css  (1ms)  (pid 1863)
Compiled application.js  (16ms)  (pid 3309)
Compiled jquery.js  (24ms)  (pid 3309)
Compiled jquery-ui.js  (9ms)  (pid 3309)
Compiled jquery_ujs.js  (3ms)  (pid 3309)
Compiled active_admin.js  (1ms)  (pid 3309)
Compiled active_admin/base.js  (13ms)  (pid 3309)
Compiled active_admin/application.js  (4ms)  (pid 3309)
Compiled authors.js  (771ms)  (pid 3309)
Compiled books.js  (291ms)  (pid 3309)
Compiled covers.js  (405ms)  (pid 3309)
Compiled fancybox.js  (1ms)  (pid 3309)
Compiled main.js  (275ms)  (pid 3309)
Compiled mousewheel.js  (3ms)  (pid 3309)
Compiled quotes.js  (303ms)  (pid 3309)
Compiled tags.js  (395ms)  (pid 3309)
Compiled tokeninput.js  (1ms)  (pid 3309)
Compiled urls.js  (336ms)  (pid 3309)
Compiled application.css  (5ms)  (pid 3309)
Compiled active_admin.css  (1960ms)  (pid 3309)
Compiled authors.css  (5ms)  (pid 3309)
Compiled books.css  (2ms)  (pid 3309)
Compiled covers.css  (7ms)  (pid 3309)
Compiled fancybox.css  (0ms)  (pid 3309)
Compiled main.css  (8ms)  (pid 3309)
Compiled quotes.css  (6ms)  (pid 3309)
Compiled scaffolds.css  (12ms)  (pid 3309)
Compiled tags.css  (1ms)  (pid 3309)
Compiled token-input-facebook.css  (0ms)  (pid 3309)
Compiled token-input-mac.css  (0ms)  (pid 3309)
Compiled token-input.css  (0ms)  (pid 3309)
Compiled urls.css  (1ms)  (pid 3309)
Compiled application.js  (10ms)  (pid 13615)
Compiled jquery.js  (6ms)  (pid 13615)
Compiled jquery-ui.js  (5ms)  (pid 13615)
Compiled jquery_ujs.js  (3ms)  (pid 13615)
Compiled active_admin.js  (1ms)  (pid 13615)
Compiled active_admin/base.js  (5ms)  (pid 13615)
Compiled active_admin/application.js  (0ms)  (pid 13615)
Compiled authors.js  (416ms)  (pid 13615)
Compiled books.js  (438ms)  (pid 13615)
Compiled covers.js  (320ms)  (pid 13615)
Compiled fancybox.js  (1ms)  (pid 13615)
Compiled main.js  (234ms)  (pid 13615)
Compiled mousewheel.js  (1ms)  (pid 13615)
Compiled quotes.js  (407ms)  (pid 13615)
Compiled tags.js  (330ms)  (pid 13615)
Compiled tokeninput.js  (1ms)  (pid 13615)
Compiled urls.js  (259ms)  (pid 13615)
Compiled application.css  (5ms)  (pid 13615)
Compiled active_admin.css  (1171ms)  (pid 13615)
Compiled authors.css  (1ms)  (pid 13615)
Compiled books.css  (3ms)  (pid 13615)
Compiled covers.css  (1ms)  (pid 13615)
Compiled fancybox.css  (0ms)  (pid 13615)
Compiled main.css  (7ms)  (pid 13615)
Compiled quotes.css  (5ms)  (pid 13615)
Compiled scaffolds.css  (7ms)  (pid 13615)
Compiled tags.css  (1ms)  (pid 13615)
Compiled token-input-facebook.css  (0ms)  (pid 13615)
Compiled token-input-mac.css  (0ms)  (pid 13615)
Compiled token-input.css  (0ms)  (pid 13615)
Compiled urls.css  (1ms)  (pid 13615)
Compiled application.js  (8ms)  (pid 5513)
Compiled jquery.js  (4ms)  (pid 5513)
Compiled jquery-ui.js  (7ms)  (pid 5513)
Compiled jquery_ujs.js  (1ms)  (pid 5513)
Compiled active_admin.js  (1ms)  (pid 5513)
Compiled active_admin/base.js  (7ms)  (pid 5513)
Compiled active_admin/application.js  (0ms)  (pid 5513)
Compiled authors.js  (181ms)  (pid 5513)
Compiled books.js  (171ms)  (pid 5513)
Compiled covers.js  (191ms)  (pid 5513)
Compiled fancybox.js  (1ms)  (pid 5513)
Compiled main.js  (176ms)  (pid 5513)
Compiled mousewheel.js  (0ms)  (pid 5513)
Compiled quotes.js  (174ms)  (pid 5513)
Compiled stickers.js  (174ms)  (pid 5513)
Compiled tags.js  (169ms)  (pid 5513)
Compiled tokeninput.js  (1ms)  (pid 5513)
Compiled urls.js  (183ms)  (pid 5513)
Compiled application.css  (6ms)  (pid 5513)
Compiled active_admin.css  (1036ms)  (pid 5513)
Compiled authors.css  (1ms)  (pid 5513)
Compiled books.css  (5ms)  (pid 5513)
Compiled covers.css  (1ms)  (pid 5513)
Compiled fancybox.css  (0ms)  (pid 5513)
Compiled main.css  (7ms)  (pid 5513)
Compiled quotes.css  (5ms)  (pid 5513)
Compiled scaffolds.css  (6ms)  (pid 5513)
Compiled stickers.css  (3ms)  (pid 5513)
Compiled tags.css  (1ms)  (pid 5513)
Compiled token-input-facebook.css  (0ms)  (pid 5513)
Compiled token-input-mac.css  (0ms)  (pid 5513)
Compiled token-input.css  (0ms)  (pid 5513)
Compiled urls.css  (1ms)  (pid 5513)
Compiled application.js  (13ms)  (pid 3857)
Compiled jquery.js  (4ms)  (pid 3857)
Compiled jquery-ui.js  (8ms)  (pid 3857)
Compiled jquery_ujs.js  (2ms)  (pid 3857)
Compiled active_admin.js  (2ms)  (pid 3857)
Compiled active_admin/base.js  (5ms)  (pid 3857)
Compiled active_admin/application.js  (0ms)  (pid 3857)
Compiled authors.js  (330ms)  (pid 3857)
Compiled books.js  (239ms)  (pid 3857)
Compiled covers.js  (185ms)  (pid 3857)
Compiled fancybox.js  (1ms)  (pid 3857)
Compiled izzyColor.js  (0ms)  (pid 3857)
Compiled main.js  (190ms)  (pid 3857)
Compiled mousewheel.js  (0ms)  (pid 3857)
Compiled quotes.js  (228ms)  (pid 3857)
Compiled stickers.js  (220ms)  (pid 3857)
Compiled tags.js  (217ms)  (pid 3857)
Compiled tokeninput.js  (1ms)  (pid 3857)
Compiled urls.js  (213ms)  (pid 3857)
Compiled application.css  (20ms)  (pid 3857)
Compiled active_admin.css  (1327ms)  (pid 3857)
Compiled authors.css  (1ms)  (pid 3857)
Compiled books.css  (7ms)  (pid 3857)
Compiled covers.css  (1ms)  (pid 3857)
Compiled fancybox.css  (0ms)  (pid 3857)
Compiled main.css  (7ms)  (pid 3857)
Compiled quotes.css  (7ms)  (pid 3857)
Compiled scaffolds.css  (7ms)  (pid 3857)
Compiled stickers.css  (3ms)  (pid 3857)
Compiled tags.css  (1ms)  (pid 3857)
Compiled token-input-facebook.css  (3ms)  (pid 3857)
Compiled token-input-mac.css  (0ms)  (pid 3857)
Compiled token-input.css  (0ms)  (pid 3857)
Compiled urls.css  (2ms)  (pid 3857)
Compiled application.js  (9ms)  (pid 4144)
Compiled jquery.js  (23ms)  (pid 4144)
Compiled jquery-ui.js  (10ms)  (pid 4144)
Compiled jquery_ujs.js  (6ms)  (pid 4144)
Compiled active_admin.js  (5ms)  (pid 4144)
Compiled active_admin/base.js  (6ms)  (pid 4144)
Compiled active_admin/application.js  (0ms)  (pid 4144)
Compiled authors.js  (523ms)  (pid 4144)
Compiled books.js  (185ms)  (pid 4144)
Compiled covers.js  (177ms)  (pid 4144)
Compiled fancybox.js  (6ms)  (pid 4144)
Compiled izzyColor.js  (0ms)  (pid 4144)
Compiled main.js  (186ms)  (pid 4144)
Compiled mousewheel.js  (1ms)  (pid 4144)
Compiled quotes.js  (199ms)  (pid 4144)
Compiled stickers.js  (215ms)  (pid 4144)
Compiled tags.js  (177ms)  (pid 4144)
Compiled tokeninput.js  (1ms)  (pid 4144)
Compiled urls.js  (187ms)  (pid 4144)
Compiled application.css  (15ms)  (pid 4144)
Compiled active_admin.css  (1201ms)  (pid 4144)
Compiled authors.css  (1ms)  (pid 4144)
Compiled books.css  (6ms)  (pid 4144)
Compiled covers.css  (1ms)  (pid 4144)
Compiled fancybox.css  (0ms)  (pid 4144)
Compiled main.css  (7ms)  (pid 4144)
Compiled quotes.css  (5ms)  (pid 4144)
Compiled scaffolds.css  (8ms)  (pid 4144)
Compiled stickers.css  (3ms)  (pid 4144)
Compiled tags.css  (1ms)  (pid 4144)
Compiled token-input-facebook.css  (1ms)  (pid 4144)
Compiled token-input-mac.css  (1ms)  (pid 4144)
Compiled token-input.css  (2ms)  (pid 4144)
Compiled urls.css  (2ms)  (pid 4144)
Compiled application.js  (16ms)  (pid 4505)
Compiled jquery.js  (27ms)  (pid 4505)
Compiled jquery-ui.js  (9ms)  (pid 4505)
Compiled jquery_ujs.js  (1ms)  (pid 4505)
Compiled active_admin.js  (4ms)  (pid 4505)
Compiled active_admin/base.js  (14ms)  (pid 4505)
Compiled active_admin/application.js  (0ms)  (pid 4505)
Compiled authors.js  (295ms)  (pid 4505)
Compiled books.js  (182ms)  (pid 4505)
Compiled covers.js  (230ms)  (pid 4505)
Compiled fancybox.js  (1ms)  (pid 4505)
Compiled izzyColor.js  (1ms)  (pid 4505)
Compiled main.js  (171ms)  (pid 4505)
Compiled mousewheel.js  (0ms)  (pid 4505)
Compiled quotes.js  (229ms)  (pid 4505)
Compiled stickers.js  (214ms)  (pid 4505)
Compiled tags.js  (170ms)  (pid 4505)
Compiled tokeninput.js  (1ms)  (pid 4505)
Compiled urls.js  (170ms)  (pid 4505)
Compiled application.css  (32ms)  (pid 4505)
Compiled _global.css  (2ms)  (pid 4505)
Compiled _mixins.css  (22ms)  (pid 4505)
Compiled active_admin.css  (1105ms)  (pid 4505)
Compiled authors.css  (1ms)  (pid 4505)
Compiled books.css  (5ms)  (pid 4505)
Compiled covers.css  (1ms)  (pid 4505)
Compiled fancybox.css  (0ms)  (pid 4505)
Compiled main.css  (7ms)  (pid 4505)
Compiled quotes.css  (6ms)  (pid 4505)
Compiled scaffolds.css  (6ms)  (pid 4505)
Compiled stickers.css  (3ms)  (pid 4505)
Compiled tags.css  (1ms)  (pid 4505)
Compiled token-input-facebook.css  (0ms)  (pid 4505)
Compiled token-input-mac.css  (0ms)  (pid 4505)
Compiled token-input.css  (0ms)  (pid 4505)
Compiled urls.css  (1ms)  (pid 4505)
Compiled application.js  (9ms)  (pid 4838)
Compiled jquery.js  (4ms)  (pid 4838)
Compiled jquery-ui.js  (8ms)  (pid 4838)
Compiled jquery_ujs.js  (0ms)  (pid 4838)
Compiled active_admin.js  (3ms)  (pid 4838)
Compiled active_admin/base.js  (5ms)  (pid 4838)
Compiled active_admin/application.js  (0ms)  (pid 4838)
Compiled authors.js  (327ms)  (pid 4838)
Compiled books.js  (198ms)  (pid 4838)
Compiled covers.js  (196ms)  (pid 4838)
Compiled fancybox.js  (1ms)  (pid 4838)
Compiled izzyColor.js  (0ms)  (pid 4838)
Compiled main.js  (176ms)  (pid 4838)
Compiled mousewheel.js  (0ms)  (pid 4838)
Compiled quotes.js  (176ms)  (pid 4838)
Compiled stickers.js  (190ms)  (pid 4838)
Compiled tags.js  (170ms)  (pid 4838)
Compiled tokeninput.js  (1ms)  (pid 4838)
Compiled urls.js  (170ms)  (pid 4838)
Compiled application.css  (36ms)  (pid 4838)
Compiled _global.css  (1ms)  (pid 4838)
Compiled _mixins.css  (25ms)  (pid 4838)
Compiled active_admin.css  (1251ms)  (pid 4838)
Compiled authors.css  (7ms)  (pid 4838)
Compiled books.css  (2ms)  (pid 4838)
Compiled covers.css  (1ms)  (pid 4838)
Compiled fancybox.css  (0ms)  (pid 4838)
Compiled main.css  (16ms)  (pid 4838)
Compiled quotes.css  (5ms)  (pid 4838)
Compiled scaffolds.css  (10ms)  (pid 4838)
Compiled stickers.css  (3ms)  (pid 4838)
Compiled tags.css  (1ms)  (pid 4838)
Compiled token-input-facebook.css  (1ms)  (pid 4838)
Compiled token-input-mac.css  (1ms)  (pid 4838)
Compiled token-input.css  (0ms)  (pid 4838)
Compiled urls.css  (1ms)  (pid 4838)
Compiled application.css  (35ms)  (pid 4981)
Compiled stickers.css  (4ms)  (pid 4981)
Compiled application.css  (30ms)  (pid 5088)
Compiled _global.css  (1ms)  (pid 5088)
Compiled application.js  (16ms)  (pid 4688)
Compiled jquery.js  (4ms)  (pid 4688)
Compiled jquery-ui.js  (9ms)  (pid 4688)
Compiled jquery_ujs.js  (0ms)  (pid 4688)
Compiled active_admin.js  (3ms)  (pid 4688)
Compiled active_admin/base.js  (5ms)  (pid 4688)
Compiled active_admin/application.js  (0ms)  (pid 4688)
Compiled authors.js  (286ms)  (pid 4688)
Compiled books.js  (251ms)  (pid 4688)
Compiled covers.js  (192ms)  (pid 4688)
Compiled fancybox.js  (1ms)  (pid 4688)
Compiled izzyColor.js  (1ms)  (pid 4688)
Compiled main.js  (193ms)  (pid 4688)
Compiled mousewheel.js  (1ms)  (pid 4688)
Compiled quotes.js  (182ms)  (pid 4688)
Compiled stickers.js  (190ms)  (pid 4688)
Compiled tags.js  (169ms)  (pid 4688)
Compiled tokeninput.js  (1ms)  (pid 4688)
Compiled urls.js  (166ms)  (pid 4688)
Compiled application.css  (36ms)  (pid 4688)
Compiled _global.css  (3ms)  (pid 4688)
Compiled _mixins.css  (21ms)  (pid 4688)
Compiled active_admin.css  (1235ms)  (pid 4688)
Compiled authors.css  (5ms)  (pid 4688)
Compiled books.css  (2ms)  (pid 4688)
Compiled covers.css  (1ms)  (pid 4688)
Compiled fancybox.css  (8ms)  (pid 4688)
Compiled main.css  (7ms)  (pid 4688)
Compiled quotes.css  (8ms)  (pid 4688)
Compiled scaffolds.css  (6ms)  (pid 4688)
Compiled stickers.css  (5ms)  (pid 4688)
Compiled tags.css  (1ms)  (pid 4688)
Compiled token-input-facebook.css  (0ms)  (pid 4688)
Compiled token-input-mac.css  (8ms)  (pid 4688)
Compiled token-input.css  (0ms)  (pid 4688)
Compiled urls.css  (2ms)  (pid 4688)
Compiled application.js  (25ms)  (pid 4920)
Compiled jquery.js  (7ms)  (pid 4920)
Compiled jquery-ui.js  (21ms)  (pid 4920)
Compiled jquery_ujs.js  (9ms)  (pid 4920)
Compiled active_admin.js  (1ms)  (pid 4920)
Compiled active_admin/base.js  (9ms)  (pid 4920)
Compiled active_admin/application.js  (0ms)  (pid 4920)
Compiled authors.js  (380ms)  (pid 4920)
Compiled books.js  (282ms)  (pid 4920)
Compiled covers.js  (274ms)  (pid 4920)
Compiled fancybox.js  (2ms)  (pid 4920)
Compiled izzyColor.js  (4ms)  (pid 4920)
Compiled main.js  (190ms)  (pid 4920)
Compiled mousewheel.js  (1ms)  (pid 4920)
Compiled quotes.js  (191ms)  (pid 4920)
Compiled stickers.js  (186ms)  (pid 4920)
Compiled tags.js  (178ms)  (pid 4920)
Compiled tokeninput.js  (1ms)  (pid 4920)
Compiled urls.js  (175ms)  (pid 4920)
Compiled application.css  (34ms)  (pid 4920)
Compiled _global.css  (4ms)  (pid 4920)
Compiled _mixins.css  (22ms)  (pid 4920)
Compiled active_admin.css  (1113ms)  (pid 4920)
Compiled authors.css  (1ms)  (pid 4920)
Compiled books.css  (4ms)  (pid 4920)
Compiled covers.css  (1ms)  (pid 4920)
Compiled fancybox.css  (0ms)  (pid 4920)
Compiled main.css  (7ms)  (pid 4920)
Compiled quotes.css  (5ms)  (pid 4920)
Compiled scaffolds.css  (7ms)  (pid 4920)
Compiled stickers.css  (4ms)  (pid 4920)
Compiled tags.css  (1ms)  (pid 4920)
Compiled token-input-facebook.css  (0ms)  (pid 4920)
Compiled token-input-mac.css  (0ms)  (pid 4920)
Compiled token-input.css  (0ms)  (pid 4920)
Compiled urls.css  (2ms)  (pid 4920)
Compiled application.js  (10ms)  (pid 7669)
Compiled jquery.js  (4ms)  (pid 7669)
Compiled jquery-ui.js  (7ms)  (pid 7669)
Compiled jquery_ujs.js  (1ms)  (pid 7669)
Compiled active_admin.js  (2ms)  (pid 7669)
Compiled active_admin/base.js  (5ms)  (pid 7669)
Compiled active_admin/application.js  (0ms)  (pid 7669)
Compiled authors.js  (287ms)  (pid 7669)
Compiled books.js  (321ms)  (pid 7669)
Compiled covers.js  (296ms)  (pid 7669)
Compiled fancybox.js  (2ms)  (pid 7669)
Compiled izzyColor.js  (1ms)  (pid 7669)
Compiled main.js  (178ms)  (pid 7669)
Compiled mousewheel.js  (1ms)  (pid 7669)
Compiled quotes.js  (193ms)  (pid 7669)
Compiled stickers.js  (198ms)  (pid 7669)
Compiled tags.js  (278ms)  (pid 7669)
Compiled tokeninput.js  (1ms)  (pid 7669)
Compiled urls.js  (179ms)  (pid 7669)
Compiled application.css  (105ms)  (pid 7669)
Compiled _global.css  (6ms)  (pid 7669)
Compiled _mixins.css  (122ms)  (pid 7669)
Compiled active_admin.css  (1474ms)  (pid 7669)
Compiled authors.css  (1ms)  (pid 7669)
Compiled books.css  (8ms)  (pid 7669)
Compiled covers.css  (1ms)  (pid 7669)
Compiled fancybox.css  (1ms)  (pid 7669)
Compiled main.css  (12ms)  (pid 7669)
Compiled quotes.css  (67ms)  (pid 7669)
Compiled scaffolds.css  (70ms)  (pid 7669)
Compiled stickers.css  (133ms)  (pid 7669)
Compiled tags.css  (34ms)  (pid 7669)
Compiled token-input-facebook.css  (0ms)  (pid 7669)
Compiled token-input-mac.css  (1ms)  (pid 7669)
Compiled token-input.css  (0ms)  (pid 7669)
Compiled urls.css  (1ms)  (pid 7669)
Compiled application.js  (9ms)  (pid 9462)
Compiled jquery.js  (4ms)  (pid 9462)
Compiled jquery-ui.js  (8ms)  (pid 9462)
Compiled jquery_ujs.js  (0ms)  (pid 9462)
Compiled active_admin.js  (1ms)  (pid 9462)
Compiled active_admin/base.js  (5ms)  (pid 9462)
Compiled active_admin/application.js  (0ms)  (pid 9462)
Compiled authors.js  (402ms)  (pid 9462)
Compiled books.js  (236ms)  (pid 9462)
Compiled covers.js  (333ms)  (pid 9462)
Compiled fancybox.js  (1ms)  (pid 9462)
Compiled izzyColor.js  (0ms)  (pid 9462)
Compiled main.js  (316ms)  (pid 9462)
Compiled mousewheel.js  (0ms)  (pid 9462)
Compiled quotes.js  (316ms)  (pid 9462)
Compiled stickers.js  (190ms)  (pid 9462)
Compiled tags.js  (178ms)  (pid 9462)
Compiled tokeninput.js  (1ms)  (pid 9462)
Compiled urls.js  (203ms)  (pid 9462)
Compiled application.css  (171ms)  (pid 9462)
Compiled _global.css  (3ms)  (pid 9462)
Compiled _mixins.css  (60ms)  (pid 9462)
Compiled active_admin.css  (1435ms)  (pid 9462)
Compiled authors.css  (1ms)  (pid 9462)
Compiled books.css  (3ms)  (pid 9462)
Compiled covers.css  (5ms)  (pid 9462)
Compiled fancybox.css  (3ms)  (pid 9462)
Compiled main.css  (13ms)  (pid 9462)
Compiled quotes.css  (5ms)  (pid 9462)
Compiled scaffolds.css  (10ms)  (pid 9462)
Compiled stickers.css  (8ms)  (pid 9462)
Compiled tags.css  (3ms)  (pid 9462)
Compiled token-input-facebook.css  (0ms)  (pid 9462)
Compiled token-input-mac.css  (0ms)  (pid 9462)
Compiled token-input.css  (0ms)  (pid 9462)
Compiled urls.css  (1ms)  (pid 9462)
Compiled application.js  (9ms)  (pid 9564)
Compiled jquery.js  (2ms)  (pid 9564)
Compiled jquery-ui.js  (3ms)  (pid 9564)
Compiled jquery_ujs.js  (0ms)  (pid 9564)
Compiled active_admin.js  (1ms)  (pid 9564)
Compiled active_admin/base.js  (10ms)  (pid 9564)
Compiled active_admin/application.js  (0ms)  (pid 9564)
Compiled authors.js  (531ms)  (pid 9564)
Compiled books.js  (214ms)  (pid 9564)
Compiled covers.js  (253ms)  (pid 9564)
Compiled fancybox.js  (1ms)  (pid 9564)
Compiled izzyColor.js  (1ms)  (pid 9564)
Compiled main.js  (176ms)  (pid 9564)
Compiled mousewheel.js  (0ms)  (pid 9564)
Compiled quotes.js  (203ms)  (pid 9564)
Compiled stickers.js  (244ms)  (pid 9564)
Compiled tags.js  (276ms)  (pid 9564)
Compiled tokeninput.js  (2ms)  (pid 9564)
Compiled urls.js  (191ms)  (pid 9564)
Compiled application.css  (36ms)  (pid 9564)
Compiled _global.css  (3ms)  (pid 9564)
Compiled _mixins.css  (27ms)  (pid 9564)
Compiled active_admin.css  (1245ms)  (pid 9564)
Compiled authors.css  (1ms)  (pid 9564)
Compiled books.css  (2ms)  (pid 9564)
Compiled covers.css  (1ms)  (pid 9564)
Compiled fancybox.css  (0ms)  (pid 9564)
Compiled main.css  (7ms)  (pid 9564)
Compiled quotes.css  (5ms)  (pid 9564)
Compiled scaffolds.css  (6ms)  (pid 9564)
Compiled stickers.css  (5ms)  (pid 9564)
Compiled tags.css  (1ms)  (pid 9564)
Compiled token-input-facebook.css  (0ms)  (pid 9564)
Compiled token-input-mac.css  (0ms)  (pid 9564)
Compiled token-input.css  (0ms)  (pid 9564)
Compiled urls.css  (1ms)  (pid 9564)
Compiled application.js  (10ms)  (pid 5307)
Compiled jquery.js  (5ms)  (pid 5307)
Compiled jquery-ui.js  (63ms)  (pid 5307)
Compiled jquery_ujs.js  (1ms)  (pid 5307)
Compiled active_admin.js  (1ms)  (pid 5307)
Compiled active_admin/base.js  (9ms)  (pid 5307)
Compiled active_admin/application.js  (0ms)  (pid 5307)
Compiled authors.js  (361ms)  (pid 5307)
Compiled books.js  (247ms)  (pid 5307)
Compiled covers.js  (182ms)  (pid 5307)
Compiled fancybox.js  (0ms)  (pid 5307)
Compiled izzyColor.js  (0ms)  (pid 5307)
Compiled main.js  (190ms)  (pid 5307)
Compiled mousewheel.js  (0ms)  (pid 5307)
Compiled passages.js  (183ms)  (pid 5307)
Compiled quotes.js  (186ms)  (pid 5307)
Compiled sessions.js  (226ms)  (pid 5307)
Compiled stickers.js  (215ms)  (pid 5307)
Compiled tags.js  (288ms)  (pid 5307)
Compiled tokeninput.js  (1ms)  (pid 5307)
Compiled urls.js  (211ms)  (pid 5307)
Compiled users.js  (171ms)  (pid 5307)
Compiled application.css  (30ms)  (pid 5307)
Compiled _global.css  (5ms)  (pid 5307)
Compiled _mixins.css  (4ms)  (pid 5307)
Compiled active_admin.css  (1181ms)  (pid 5307)
Compiled authors.css  (1ms)  (pid 5307)
Compiled books.css  (2ms)  (pid 5307)
Compiled covers.css  (1ms)  (pid 5307)
Compiled fancybox.css  (0ms)  (pid 5307)
Compiled layout/_header.css  (1ms)  (pid 5307)
Compiled layout/_signin_or_signup_bar.css  (8ms)  (pid 5307)
Compiled main.css  (71ms)  (pid 5307)
Compiled modules/_form.css  (47ms)  (pid 5307)
Compiled passages.css  (1ms)  (pid 5307)
Compiled quotes.css  (6ms)  (pid 5307)
Compiled scaffolds.css  (7ms)  (pid 5307)
Compiled sessions.css  (0ms)  (pid 5307)
Compiled stickers.css  (7ms)  (pid 5307)
Compiled tags.css  (1ms)  (pid 5307)
Compiled token-input-facebook.css  (0ms)  (pid 5307)
Compiled token-input-mac.css  (0ms)  (pid 5307)
Compiled token-input.css  (0ms)  (pid 5307)
Compiled urls.css  (2ms)  (pid 5307)
Compiled users.css  (1ms)  (pid 5307)
Compiled application.js  (11ms)  (pid 7161)
Compiled jquery.js  (4ms)  (pid 7161)
Compiled jquery-ui.js  (68ms)  (pid 7161)
Compiled jquery_ujs.js  (2ms)  (pid 7161)
Compiled active_admin.js  (1ms)  (pid 7161)
Compiled active_admin/base.js  (6ms)  (pid 7161)
Compiled active_admin/application.js  (0ms)  (pid 7161)
Compiled authors.js  (390ms)  (pid 7161)
Compiled books.js  (318ms)  (pid 7161)
Compiled covers.js  (220ms)  (pid 7161)
Compiled fancybox.js  (3ms)  (pid 7161)
Compiled izzyColor.js  (0ms)  (pid 7161)
Compiled main.js  (193ms)  (pid 7161)
Compiled mousewheel.js  (0ms)  (pid 7161)
Compiled passages.js  (174ms)  (pid 7161)
Compiled quotes.js  (180ms)  (pid 7161)
Compiled sessions.js  (174ms)  (pid 7161)
Compiled stickers.js  (173ms)  (pid 7161)
Compiled tags.js  (170ms)  (pid 7161)
Compiled tokeninput.js  (1ms)  (pid 7161)
Compiled urls.js  (210ms)  (pid 7161)
Compiled users.js  (274ms)  (pid 7161)
Compiled application.css  (50ms)  (pid 7161)
Compiled _global.css  (6ms)  (pid 7161)
Compiled _mixins.css  (15ms)  (pid 7161)
Compiled active_admin.css  (1205ms)  (pid 7161)
Compiled authors.css  (1ms)  (pid 7161)
Compiled books.css  (2ms)  (pid 7161)
Compiled covers.css  (1ms)  (pid 7161)
Compiled fancybox.css  (0ms)  (pid 7161)
Compiled layout/_header.css  (2ms)  (pid 7161)
Compiled layout/_signin_or_signup_bar.css  (68ms)  (pid 7161)
Compiled main.css  (6ms)  (pid 7161)
Compiled modules/_form.css  (54ms)  (pid 7161)
Compiled passages.css  (1ms)  (pid 7161)
Compiled quotes.css  (13ms)  (pid 7161)
Compiled scaffolds.css  (6ms)  (pid 7161)
Compiled sessions.css  (4ms)  (pid 7161)
Compiled stickers.css  (6ms)  (pid 7161)
Compiled tags.css  (2ms)  (pid 7161)
Compiled token-input-facebook.css  (0ms)  (pid 7161)
Compiled token-input-mac.css  (0ms)  (pid 7161)
Compiled token-input.css  (13ms)  (pid 7161)
Compiled urls.css  (2ms)  (pid 7161)
Compiled users.css  (24ms)  (pid 7161)
Compiled application.js  (10ms)  (pid 4016)
Compiled jquery.js  (12ms)  (pid 4016)
Compiled jquery-ui.js  (69ms)  (pid 4016)
Compiled jquery_ujs.js  (0ms)  (pid 4016)
Compiled active_admin.js  (2ms)  (pid 4016)
Compiled active_admin/base.js  (5ms)  (pid 4016)
Compiled active_admin/application.js  (0ms)  (pid 4016)
Compiled authors.js  (397ms)  (pid 4016)
Compiled books.js  (172ms)  (pid 4016)
Compiled covers.js  (187ms)  (pid 4016)
Compiled fancybox.js  (1ms)  (pid 4016)
Compiled izzyColor.js  (1ms)  (pid 4016)
Compiled main.js  (168ms)  (pid 4016)
Compiled mousewheel.js  (0ms)  (pid 4016)
Compiled passages.js  (158ms)  (pid 4016)
Compiled quotes.js  (165ms)  (pid 4016)
Compiled sessions.js  (150ms)  (pid 4016)
Compiled stickers.js  (162ms)  (pid 4016)
Compiled tags.js  (152ms)  (pid 4016)
Compiled tokeninput.js  (1ms)  (pid 4016)
Compiled urls.js  (167ms)  (pid 4016)
Compiled users.js  (250ms)  (pid 4016)
Compiled application.css  (31ms)  (pid 4016)
Compiled _global.css  (4ms)  (pid 4016)
Compiled _mixins.css  (10ms)  (pid 4016)
Compiled active_admin.css  (1608ms)  (pid 4016)
Compiled authors.css  (24ms)  (pid 4016)
Compiled books.css  (21ms)  (pid 4016)
Compiled covers.css  (7ms)  (pid 4016)
Compiled fancybox.css  (1ms)  (pid 4016)
Compiled layout/_header.css  (14ms)  (pid 4016)
Compiled layout/_signin_or_signup_bar.css  (185ms)  (pid 4016)
Compiled layout/_user_bar.css  (57ms)  (pid 4016)
Compiled main.css  (13ms)  (pid 4016)
Compiled modules/_form.css  (80ms)  (pid 4016)
Compiled passages.css  (15ms)  (pid 4016)
Compiled quotes.css  (16ms)  (pid 4016)
Compiled scaffolds.css  (9ms)  (pid 4016)
Compiled sessions.css  (1ms)  (pid 4016)
Compiled stickers.css  (19ms)  (pid 4016)
Compiled tags.css  (3ms)  (pid 4016)
Compiled token-input-facebook.css  (1ms)  (pid 4016)
Compiled token-input-mac.css  (0ms)  (pid 4016)
Compiled token-input.css  (0ms)  (pid 4016)
Compiled urls.css  (2ms)  (pid 4016)
Compiled users.css  (3ms)  (pid 4016)
Compiled application.js  (11ms)  (pid 8811)
Compiled jquery.js  (4ms)  (pid 8811)
Compiled jquery-ui.js  (8ms)  (pid 8811)
Compiled jquery_ujs.js  (0ms)  (pid 8811)
Compiled active_admin.js  (8ms)  (pid 8811)
Compiled active_admin/base.js  (5ms)  (pid 8811)
Compiled active_admin/application.js  (0ms)  (pid 8811)
Compiled authors.js  (522ms)  (pid 8811)
Compiled books.js  (156ms)  (pid 8811)
Compiled covers.js  (155ms)  (pid 8811)
Compiled fancybox.js  (1ms)  (pid 8811)
Compiled izzyColor.js  (2ms)  (pid 8811)
Compiled main.js  (186ms)  (pid 8811)
Compiled mousewheel.js  (0ms)  (pid 8811)
Compiled passages.js  (162ms)  (pid 8811)
Compiled quotes.js  (168ms)  (pid 8811)
Compiled sessions.js  (186ms)  (pid 8811)
Compiled stickers.js  (282ms)  (pid 8811)
Compiled tags.js  (151ms)  (pid 8811)
Compiled tokeninput.js  (1ms)  (pid 8811)
Compiled urls.js  (172ms)  (pid 8811)
Compiled users.js  (176ms)  (pid 8811)
Compiled application.css  (32ms)  (pid 8811)
Compiled _global.css  (7ms)  (pid 8811)
Compiled _mixins.css  (6ms)  (pid 8811)
Compiled active_admin.css  (1167ms)  (pid 8811)
Compiled authors.css  (1ms)  (pid 8811)
Compiled books.css  (6ms)  (pid 8811)
Compiled covers.css  (1ms)  (pid 8811)
Compiled fancybox.css  (0ms)  (pid 8811)
Compiled layout/_about.css  (1ms)  (pid 8811)
Compiled layout/_footer.css  (2ms)  (pid 8811)
Compiled layout/_header.css  (3ms)  (pid 8811)
Compiled layout/_signin_or_signup_bar.css  (10ms)  (pid 8811)
Compiled layout/_user_bar.css  (2ms)  (pid 8811)
Compiled main.css  (9ms)  (pid 8811)
Compiled modules/_form.css  (48ms)  (pid 8811)
Compiled passages.css  (1ms)  (pid 8811)
Compiled quotes.css  (12ms)  (pid 8811)
Compiled scaffolds.css  (7ms)  (pid 8811)
Compiled sessions.css  (1ms)  (pid 8811)
Compiled stickers.css  (9ms)  (pid 8811)
Compiled tags.css  (1ms)  (pid 8811)
Compiled token-input-facebook.css  (0ms)  (pid 8811)
Compiled token-input-mac.css  (0ms)  (pid 8811)
Compiled token-input.css  (0ms)  (pid 8811)
Compiled urls.css  (1ms)  (pid 8811)
Compiled users.css  (3ms)  (pid 8811)
Compiled application.js  (11ms)  (pid 9061)
Compiled jquery.js  (4ms)  (pid 9061)
Compiled jquery-ui.js  (6ms)  (pid 9061)
Compiled jquery_ujs.js  (1ms)  (pid 9061)
Compiled active_admin.js  (3ms)  (pid 9061)
Compiled active_admin/base.js  (5ms)  (pid 9061)
Compiled active_admin/application.js  (0ms)  (pid 9061)
Compiled authors.js  (322ms)  (pid 9061)
Compiled books.js  (176ms)  (pid 9061)
Compiled covers.js  (153ms)  (pid 9061)
Compiled fancybox.js  (1ms)  (pid 9061)
Compiled izzyColor.js  (0ms)  (pid 9061)
Compiled main.js  (150ms)  (pid 9061)
Compiled mousewheel.js  (1ms)  (pid 9061)
Compiled passages.js  (149ms)  (pid 9061)
Compiled quotes.js  (159ms)  (pid 9061)
Compiled sessions.js  (148ms)  (pid 9061)
Compiled stickers.js  (159ms)  (pid 9061)
Compiled tags.js  (168ms)  (pid 9061)
Compiled tokeninput.js  (1ms)  (pid 9061)
Compiled urls.js  (193ms)  (pid 9061)
Compiled users.js  (155ms)  (pid 9061)
Compiled application.css  (28ms)  (pid 9061)
Compiled _global.css  (5ms)  (pid 9061)
Compiled _mixins.css  (4ms)  (pid 9061)
Compiled active_admin.css  (1045ms)  (pid 9061)
Compiled authors.css  (2ms)  (pid 9061)
Compiled books.css  (6ms)  (pid 9061)
Compiled covers.css  (1ms)  (pid 9061)
Compiled fancybox.css  (0ms)  (pid 9061)
Compiled layout/_about.css  (1ms)  (pid 9061)
Compiled layout/_footer.css  (3ms)  (pid 9061)
Compiled layout/_header.css  (2ms)  (pid 9061)
Compiled layout/_signin_or_signup_bar.css  (11ms)  (pid 9061)
Compiled layout/_user_bar.css  (2ms)  (pid 9061)
Compiled main.css  (8ms)  (pid 9061)
Compiled modules/_form.css  (48ms)  (pid 9061)
Compiled passages.css  (1ms)  (pid 9061)
Compiled quotes.css  (5ms)  (pid 9061)
Compiled scaffolds.css  (7ms)  (pid 9061)
Compiled sessions.css  (1ms)  (pid 9061)
Compiled stickers.css  (7ms)  (pid 9061)
Compiled tags.css  (1ms)  (pid 9061)
Compiled token-input-facebook.css  (0ms)  (pid 9061)
Compiled token-input-mac.css  (0ms)  (pid 9061)
Compiled token-input.css  (0ms)  (pid 9061)
Compiled urls.css  (1ms)  (pid 9061)
Compiled users.css  (2ms)  (pid 9061)
Compiled application.js  (49ms)  (pid 12801)
Compiled jquery.js  (17ms)  (pid 12801)
Compiled jquery-ui.js  (38ms)  (pid 12801)
Compiled jquery_ujs.js  (1ms)  (pid 12801)
Compiled active_admin.js  (2ms)  (pid 12801)
Compiled active_admin/base.js  (17ms)  (pid 12801)
Compiled active_admin/application.js  (13ms)  (pid 12801)
Compiled authors.js  (406ms)  (pid 12801)
Compiled books.js  (183ms)  (pid 12801)
Compiled covers.js  (335ms)  (pid 12801)
Compiled fancybox.js  (2ms)  (pid 12801)
Compiled izzyColor.js  (0ms)  (pid 12801)
Compiled main.js  (354ms)  (pid 12801)
Compiled mousewheel.js  (0ms)  (pid 12801)
Compiled passages.js  (286ms)  (pid 12801)
Compiled quotes.js  (257ms)  (pid 12801)
Compiled sessions.js  (194ms)  (pid 12801)
Compiled stickers.js  (285ms)  (pid 12801)
Compiled tags.js  (193ms)  (pid 12801)
Compiled tokeninput.js  (1ms)  (pid 12801)
Compiled urls.js  (183ms)  (pid 12801)
Compiled users.js  (166ms)  (pid 12801)
Compiled application.css  (31ms)  (pid 12801)
Compiled _global.css  (3ms)  (pid 12801)
Compiled _mixins.css  (4ms)  (pid 12801)
Compiled active_admin.css  (1061ms)  (pid 12801)
Compiled authors.css  (1ms)  (pid 12801)
Compiled books.css  (2ms)  (pid 12801)
Compiled covers.css  (3ms)  (pid 12801)
Compiled fancybox.css  (0ms)  (pid 12801)
Compiled layout/_about.css  (1ms)  (pid 12801)
Compiled layout/_footer.css  (4ms)  (pid 12801)
Compiled layout/_header.css  (3ms)  (pid 12801)
Compiled layout/_signin_or_signup_bar.css  (14ms)  (pid 12801)
Compiled layout/_user_bar.css  (1ms)  (pid 12801)
Compiled main.css  (1ms)  (pid 12801)
Compiled modules/_form.css  (58ms)  (pid 12801)
Compiled passages.css  (1ms)  (pid 12801)
Compiled quotes.css  (15ms)  (pid 12801)
Compiled scaffolds.css  (20ms)  (pid 12801)
Compiled sessions.css  (1ms)  (pid 12801)
Compiled stickers.css  (77ms)  (pid 12801)
Compiled tags.css  (1ms)  (pid 12801)
Compiled token-input-facebook.css  (0ms)  (pid 12801)
Compiled token-input-mac.css  (1ms)  (pid 12801)
Compiled token-input.css  (0ms)  (pid 12801)
Compiled urls.css  (1ms)  (pid 12801)
Compiled users.css  (3ms)  (pid 12801)
Compiled application.js  (10ms)  (pid 5181)
Compiled jquery.js  (4ms)  (pid 5181)
Compiled jquery-ui.js  (59ms)  (pid 5181)
Compiled jquery_ujs.js  (0ms)  (pid 5181)
Compiled active_admin.js  (6ms)  (pid 5181)
Compiled active_admin/base.js  (5ms)  (pid 5181)
Compiled active_admin/application.js  (0ms)  (pid 5181)
Compiled authors.js  (302ms)  (pid 5181)
Compiled books.js  (254ms)  (pid 5181)
Compiled covers.js  (182ms)  (pid 5181)
Compiled fancybox.js  (1ms)  (pid 5181)
Compiled izzyColor.js  (1ms)  (pid 5181)
Compiled main.js  (199ms)  (pid 5181)
Compiled mousewheel.js  (0ms)  (pid 5181)
Compiled passages.js  (160ms)  (pid 5181)
Compiled quotes.js  (168ms)  (pid 5181)
Compiled scrapers.js  (159ms)  (pid 5181)
Compiled sessions.js  (151ms)  (pid 5181)
Compiled stickers.js  (157ms)  (pid 5181)
Compiled tags.js  (151ms)  (pid 5181)
Compiled tokeninput.js  (1ms)  (pid 5181)
Compiled urls.js  (169ms)  (pid 5181)
Compiled users.js  (186ms)  (pid 5181)
Compiled application.css  (30ms)  (pid 5181)
Compiled _global.css  (4ms)  (pid 5181)
Compiled _mixins.css  (5ms)  (pid 5181)
Compiled active_admin.css  (1359ms)  (pid 5181)
Compiled authors.css  (1ms)  (pid 5181)
Compiled books.css  (2ms)  (pid 5181)
Compiled covers.css  (1ms)  (pid 5181)
Compiled fancybox.css  (0ms)  (pid 5181)
Compiled layout/_about.css  (2ms)  (pid 5181)
Compiled layout/_footer.css  (3ms)  (pid 5181)
Compiled layout/_header.css  (3ms)  (pid 5181)
Compiled layout/_signin_or_signup_bar.css  (9ms)  (pid 5181)
Compiled layout/_user_bar.css  (2ms)  (pid 5181)
Compiled main.css  (2ms)  (pid 5181)
Compiled modules/_form.css  (47ms)  (pid 5181)
Compiled passages.css  (1ms)  (pid 5181)
Compiled quotes.css  (9ms)  (pid 5181)
Compiled scaffolds.css  (6ms)  (pid 5181)
Compiled scrapers.css  (1ms)  (pid 5181)
Compiled sessions.css  (1ms)  (pid 5181)
Compiled stickers.css  (7ms)  (pid 5181)
Compiled tags.css  (2ms)  (pid 5181)
Compiled token-input-facebook.css  (0ms)  (pid 5181)
Compiled token-input-mac.css  (1ms)  (pid 5181)
Compiled token-input.css  (0ms)  (pid 5181)
Compiled urls.css  (1ms)  (pid 5181)
Compiled users.css  (2ms)  (pid 5181)
Compiled application.css  (31ms)  (pid 5233)
Compiled layout/_user_bar.css  (1ms)  (pid 5233)
Compiled users.css  (2ms)  (pid 5233)
Compiled application.js  (15ms)  (pid 2770)
Compiled jquery.js  (4ms)  (pid 2770)
Compiled jquery-ui.js  (11ms)  (pid 2770)
Compiled jquery_ujs.js  (1ms)  (pid 2770)
Compiled active_admin.js  (2ms)  (pid 2770)
Compiled active_admin/base.js  (7ms)  (pid 2770)
Compiled active_admin/application.js  (0ms)  (pid 2770)
Compiled authors.js  (547ms)  (pid 2770)
Compiled books.js  (247ms)  (pid 2770)
Compiled covers.js  (272ms)  (pid 2770)
Compiled fancybox.js  (43ms)  (pid 2770)
Compiled izzyColor.js  (8ms)  (pid 2770)
Compiled main.js  (318ms)  (pid 2770)
Compiled mousewheel.js  (1ms)  (pid 2770)
Compiled passages.js  (244ms)  (pid 2770)
Compiled quotes.js  (245ms)  (pid 2770)
Compiled scrapers.js  (199ms)  (pid 2770)
Compiled sessions.js  (259ms)  (pid 2770)
Compiled stickers.js  (238ms)  (pid 2770)
Compiled tags.js  (206ms)  (pid 2770)
Compiled tokeninput.js  (1ms)  (pid 2770)
Compiled urls.js  (237ms)  (pid 2770)
Compiled users.js  (189ms)  (pid 2770)
Compiled application.css  (32ms)  (pid 2770)
Compiled _global.css  (4ms)  (pid 2770)
Compiled _mixins.css  (5ms)  (pid 2770)
Compiled active_admin.css  (1401ms)  (pid 2770)
Compiled authors.css  (1ms)  (pid 2770)
Compiled books.css  (6ms)  (pid 2770)
Compiled covers.css  (1ms)  (pid 2770)
Compiled fancybox.css  (0ms)  (pid 2770)
Compiled layout/_about.css  (1ms)  (pid 2770)
Compiled layout/_footer.css  (4ms)  (pid 2770)
Compiled layout/_header.css  (6ms)  (pid 2770)
Compiled layout/_signin_or_signup_bar.css  (11ms)  (pid 2770)
Compiled layout/_user_bar.css  (6ms)  (pid 2770)
Compiled main.css  (2ms)  (pid 2770)
Compiled modules/_form.css  (55ms)  (pid 2770)
Compiled passages.css  (1ms)  (pid 2770)
Compiled quotes.css  (11ms)  (pid 2770)
Compiled scaffolds.css  (7ms)  (pid 2770)
Compiled scrapers.css  (1ms)  (pid 2770)
Compiled sessions.css  (1ms)  (pid 2770)
Compiled stickers.css  (9ms)  (pid 2770)
Compiled tags.css  (1ms)  (pid 2770)
Compiled token-input-facebook.css  (0ms)  (pid 2770)
Compiled token-input-mac.css  (0ms)  (pid 2770)
Compiled token-input.css  (0ms)  (pid 2770)
Compiled urls.css  (1ms)  (pid 2770)
Compiled users.css  (6ms)  (pid 2770)
Compiled application.js  (52ms)  (pid 6130)
Compiled jquery.js  (9ms)  (pid 6130)
Compiled jquery-ui.js  (9ms)  (pid 6130)
Compiled jquery_ujs.js  (0ms)  (pid 6130)
Compiled active_admin.js  (4ms)  (pid 6130)
Compiled active_admin/base.js  (195ms)  (pid 6130)
Compiled active_admin/application.js  (4ms)  (pid 6130)
Compiled authors.js  (461ms)  (pid 6130)
Compiled books.js  (545ms)  (pid 6130)
Compiled covers.js  (303ms)  (pid 6130)
Compiled fancybox.js  (3ms)  (pid 6130)
Compiled izzyColor.js  (0ms)  (pid 6130)
Compiled main.js  (520ms)  (pid 6130)
Compiled mousewheel.js  (1ms)  (pid 6130)
Compiled passages.js  (362ms)  (pid 6130)
Compiled quotes.js  (204ms)  (pid 6130)
Compiled scrapers.js  (402ms)  (pid 6130)
Compiled sessions.js  (273ms)  (pid 6130)
Compiled stickers.js  (160ms)  (pid 6130)
Compiled tags.js  (181ms)  (pid 6130)
Compiled tokeninput.js  (1ms)  (pid 6130)
Compiled urls.js  (173ms)  (pid 6130)
Compiled users.js  (206ms)  (pid 6130)
Compiled application.css  (40ms)  (pid 6130)
Compiled _global.css  (10ms)  (pid 6130)
Compiled _mixins.css  (4ms)  (pid 6130)
Compiled active_admin.css  (1472ms)  (pid 6130)
Compiled authors.css  (5ms)  (pid 6130)
Compiled books.css  (2ms)  (pid 6130)
Compiled covers.css  (1ms)  (pid 6130)
Compiled fancybox.css  (0ms)  (pid 6130)
Compiled layout/_about.css  (1ms)  (pid 6130)
Compiled layout/_footer.css  (4ms)  (pid 6130)
Compiled layout/_header.css  (3ms)  (pid 6130)
Compiled layout/_signin_or_signup_bar.css  (10ms)  (pid 6130)
Compiled layout/_user_bar.css  (2ms)  (pid 6130)
Compiled main.css  (2ms)  (pid 6130)
Compiled modules/_form.css  (67ms)  (pid 6130)
Compiled passages.css  (1ms)  (pid 6130)
Compiled quotes.css  (8ms)  (pid 6130)
Compiled scaffolds.css  (11ms)  (pid 6130)
Compiled scrapers.css  (1ms)  (pid 6130)
Compiled sessions.css  (3ms)  (pid 6130)
Compiled stickers.css  (11ms)  (pid 6130)
Compiled tags.css  (1ms)  (pid 6130)
Compiled token-input-facebook.css  (0ms)  (pid 6130)
Compiled token-input-mac.css  (0ms)  (pid 6130)
Compiled token-input.css  (1ms)  (pid 6130)
Compiled urls.css  (1ms)  (pid 6130)
Compiled users.css  (7ms)  (pid 6130)
Compiled application.css  (200ms)  (pid 6211)
Compiled layout/_header.css  (4ms)  (pid 6211)
Compiled application.js  (11ms)  (pid 2322)
Compiled jquery.js  (4ms)  (pid 2322)
Compiled jquery-ui.js  (9ms)  (pid 2322)
Compiled jquery_ujs.js  (2ms)  (pid 2322)
Compiled active_admin.js  (1ms)  (pid 2322)
Compiled active_admin/base.js  (5ms)  (pid 2322)
Compiled active_admin/application.js  (1ms)  (pid 2322)
Compiled authors.js  (265ms)  (pid 2322)
Compiled books.js  (150ms)  (pid 2322)
Compiled covers.js  (171ms)  (pid 2322)
Compiled fancybox.js  (1ms)  (pid 2322)
Compiled izzyColor.js  (0ms)  (pid 2322)
Compiled main.js  (183ms)  (pid 2322)
Compiled mousewheel.js  (0ms)  (pid 2322)
Compiled passages.js  (170ms)  (pid 2322)
Compiled quotes.js  (171ms)  (pid 2322)
Compiled scrapers.js  (155ms)  (pid 2322)
Compiled sessions.js  (149ms)  (pid 2322)
Compiled stickers.js  (170ms)  (pid 2322)
Compiled tags.js  (154ms)  (pid 2322)
Compiled tokeninput.js  (1ms)  (pid 2322)
Compiled urls.js  (165ms)  (pid 2322)
Compiled users.js  (160ms)  (pid 2322)
Compiled application.css  (154ms)  (pid 2322)
Compiled _global.css  (19ms)  (pid 2322)
Compiled _mixins.css  (27ms)  (pid 2322)
Compiled active_admin.css  (1089ms)  (pid 2322)
Compiled authors.css  (1ms)  (pid 2322)
Compiled books.css  (3ms)  (pid 2322)
Compiled covers.css  (1ms)  (pid 2322)
Compiled fancybox.css  (0ms)  (pid 2322)
Compiled layout/_about.css  (2ms)  (pid 2322)
Compiled layout/_footer.css  (4ms)  (pid 2322)
Compiled layout/_header.css  (5ms)  (pid 2322)
Compiled layout/_signin_or_signup_bar.css  (11ms)  (pid 2322)
Compiled layout/_user_bar.css  (2ms)  (pid 2322)
Compiled main.css  (2ms)  (pid 2322)
Compiled modules/_form.css  (54ms)  (pid 2322)
Compiled passages.css  (1ms)  (pid 2322)
Compiled quotes.css  (10ms)  (pid 2322)
Compiled scaffolds.css  (6ms)  (pid 2322)
Compiled scrapers.css  (2ms)  (pid 2322)
Compiled sessions.css  (1ms)  (pid 2322)
Compiled stickers.css  (6ms)  (pid 2322)
Compiled tags.css  (5ms)  (pid 2322)
Compiled token-input-facebook.css  (0ms)  (pid 2322)
Compiled token-input-mac.css  (0ms)  (pid 2322)
Compiled token-input.css  (0ms)  (pid 2322)
Compiled urls.css  (2ms)  (pid 2322)
Compiled users.css  (2ms)  (pid 2322)
Compiled application.js  (10ms)  (pid 5381)
Compiled jquery.js  (4ms)  (pid 5381)
Compiled jquery-ui.js  (7ms)  (pid 5381)
Compiled jquery_ujs.js  (1ms)  (pid 5381)
Compiled active_admin.js  (1ms)  (pid 5381)
Compiled active_admin/base.js  (6ms)  (pid 5381)
Compiled active_admin/application.js  (0ms)  (pid 5381)
Compiled authors.js  (514ms)  (pid 5381)
Compiled books.js  (190ms)  (pid 5381)
Compiled covers.js  (172ms)  (pid 5381)
Compiled fancybox.js  (1ms)  (pid 5381)
Compiled izzyColor.js  (0ms)  (pid 5381)
Compiled main.js  (153ms)  (pid 5381)
Compiled mousewheel.js  (0ms)  (pid 5381)
Compiled passages.js  (147ms)  (pid 5381)
Compiled quotes.js  (158ms)  (pid 5381)
Compiled scrapers.js  (152ms)  (pid 5381)
Compiled sessions.js  (147ms)  (pid 5381)
Compiled stickers.js  (168ms)  (pid 5381)
Compiled tags.js  (288ms)  (pid 5381)
Compiled tokeninput.js  (4ms)  (pid 5381)
Compiled urls.js  (211ms)  (pid 5381)
Compiled users.js  (155ms)  (pid 5381)
Compiled application.css  (130ms)  (pid 5381)
Compiled _global.css  (9ms)  (pid 5381)
Compiled _mixins.css  (5ms)  (pid 5381)
Compiled active_admin.css  (1523ms)  (pid 5381)
Compiled authors.css  (3ms)  (pid 5381)
Compiled books.css  (2ms)  (pid 5381)
Compiled covers.css  (4ms)  (pid 5381)
Compiled fancybox.css  (0ms)  (pid 5381)
Compiled layout/_about.css  (2ms)  (pid 5381)
Compiled layout/_footer.css  (4ms)  (pid 5381)
Compiled layout/_header.css  (12ms)  (pid 5381)
Compiled layout/_signin_or_signup_bar.css  (11ms)  (pid 5381)
Compiled layout/_user_bar.css  (3ms)  (pid 5381)
Compiled main.css  (3ms)  (pid 5381)
Compiled modules/_form.css  (117ms)  (pid 5381)
Compiled passages.css  (1ms)  (pid 5381)
Compiled quotes.css  (218ms)  (pid 5381)
Compiled scaffolds.css  (13ms)  (pid 5381)
Compiled scrapers.css  (1ms)  (pid 5381)
Compiled sessions.css  (12ms)  (pid 5381)
Compiled stickers.css  (14ms)  (pid 5381)
Compiled tags.css  (1ms)  (pid 5381)
Compiled token-input-facebook.css  (0ms)  (pid 5381)
Compiled token-input-mac.css  (0ms)  (pid 5381)
Compiled token-input.css  (0ms)  (pid 5381)
Compiled urls.css  (1ms)  (pid 5381)
Compiled users.css  (2ms)  (pid 5381)
Compiled quotes.css  (47ms)  (pid 5451)
Compiled application.css  (13ms)  (pid 5451)
Compiled application.js  (14ms)  (pid 8090)
Compiled jquery.js  (8ms)  (pid 8090)
Compiled jquery-ui.js  (12ms)  (pid 8090)
Compiled jquery_ujs.js  (2ms)  (pid 8090)
Compiled active_admin.js  (66ms)  (pid 8090)
Compiled active_admin/base.js  (7ms)  (pid 8090)
Compiled active_admin/application.js  (4ms)  (pid 8090)
Compiled authors.js  (361ms)  (pid 8090)
Compiled books.js  (596ms)  (pid 8090)
Compiled covers.js  (319ms)  (pid 8090)
Compiled fancybox.js  (1ms)  (pid 8090)
Compiled izzyColor.js  (0ms)  (pid 8090)
Compiled likes.js  (259ms)  (pid 8090)
Compiled main.js  (157ms)  (pid 8090)
Compiled mousewheel.js  (1ms)  (pid 8090)
Compiled passages.js  (183ms)  (pid 8090)
Compiled quotes.js  (285ms)  (pid 8090)
Compiled scrapers.js  (328ms)  (pid 8090)
Compiled sessions.js  (365ms)  (pid 8090)
Compiled stickers.js  (284ms)  (pid 8090)
Compiled tags.js  (160ms)  (pid 8090)
Compiled tokeninput.js  (3ms)  (pid 8090)
Compiled urls.js  (157ms)  (pid 8090)
Compiled users.js  (171ms)  (pid 8090)
Compiled application.css  (30ms)  (pid 8090)
Compiled _global.css  (9ms)  (pid 8090)
Compiled _mixins.css  (4ms)  (pid 8090)
Compiled active_admin.css  (1092ms)  (pid 8090)
Compiled authors.css  (2ms)  (pid 8090)
Compiled books.css  (4ms)  (pid 8090)
Compiled covers.css  (1ms)  (pid 8090)
Compiled fancybox.css  (0ms)  (pid 8090)
Compiled layout/_about.css  (1ms)  (pid 8090)
Compiled layout/_footer.css  (5ms)  (pid 8090)
Compiled layout/_header.css  (7ms)  (pid 8090)
Compiled layout/_signin_or_signup_bar.css  (10ms)  (pid 8090)
Compiled layout/_user_bar.css  (3ms)  (pid 8090)
Compiled likes.css  (5ms)  (pid 8090)
Compiled main.css  (2ms)  (pid 8090)
Compiled modules/_form.css  (124ms)  (pid 8090)
Compiled passages.css  (1ms)  (pid 8090)
Compiled quotes.css  (21ms)  (pid 8090)
Compiled scaffolds.css  (7ms)  (pid 8090)
Compiled scrapers.css  (1ms)  (pid 8090)
Compiled sessions.css  (1ms)  (pid 8090)
Compiled stickers.css  (10ms)  (pid 8090)
Compiled tags.css  (3ms)  (pid 8090)
Compiled token-input-facebook.css  (0ms)  (pid 8090)
Compiled token-input-mac.css  (0ms)  (pid 8090)
Compiled token-input.css  (0ms)  (pid 8090)
Compiled urls.css  (1ms)  (pid 8090)
Compiled users.css  (4ms)  (pid 8090)
